<?xml version="1.0" encoding="UTF-8"?>
<testng-results skipped="0" failed="0" ignored="0" total="1" passed="1">
  <reporter-output>
  </reporter-output>
  <suite name="Default suite" duration-ms="24297" started-at="2018-01-11T11:06:15Z" finished-at="2018-01-11T11:06:40Z">
    <groups>
    </groups>
    <test name="Default test" duration-ms="24297" started-at="2018-01-11T11:06:15Z" finished-at="2018-01-11T11:06:40Z">
      <class name="TestCases.TC_01">
        <test-method status="PASS" signature="testcase1()[pri:0, instance:TestCases.TC_01@1aeed2f]" name="testcase1" duration-ms="24246" started-at="2018-01-11T16:36:15Z" finished-at="2018-01-11T16:36:40Z">
          <reporter-output>
          </reporter-output>
        </test-method> <!-- testcase1 -->
      </class> <!-- TestCases.TC_01 -->
    </test> <!-- Default test -->
  </suite> <!-- Default suite -->
</testng-results>
